E, [2016-06-08T15:45:06.988727 #30103] ERROR -- Kitchen: ------Exception-------
E, [2016-06-08T15:45:06.988778 #30103] ERROR -- Kitchen: Class: Kitchen::UserError
E, [2016-06-08T15:45:06.988800 #30103] ERROR -- Kitchen: Message: Kitchen YAML file /home/ubuntu/chef/cookbooks/mongodb/recipes/.kitchen.yml does not exist.
E, [2016-06-08T15:45:06.988812 #30103] ERROR -- Kitchen: ------Backtrace-------
E, [2016-06-08T15:45:06.988822 #30103] ERROR -- Kitchen: /var/lib/gems/2.2.0/gems/test-kitchen-1.7.3/lib/kitchen/loader/yaml.rb:74:in `read'
E, [2016-06-08T15:45:06.988832 #30103] ERROR -- Kitchen: /var/lib/gems/2.2.0/gems/test-kitchen-1.7.3/lib/kitchen/config.rb:149:in `data'
E, [2016-06-08T15:45:06.988842 #30103] ERROR -- Kitchen: /var/lib/gems/2.2.0/gems/test-kitchen-1.7.3/lib/kitchen/config.rb:128:in `suites'
E, [2016-06-08T15:45:06.988853 #30103] ERROR -- Kitchen: /var/lib/gems/2.2.0/gems/test-kitchen-1.7.3/lib/kitchen/config.rb:179:in `filter_instances'
E, [2016-06-08T15:45:06.988863 #30103] ERROR -- Kitchen: /var/lib/gems/2.2.0/gems/test-kitchen-1.7.3/lib/kitchen/config.rb:138:in `build_instances'
E, [2016-06-08T15:45:06.988872 #30103] ERROR -- Kitchen: /var/lib/gems/2.2.0/gems/test-kitchen-1.7.3/lib/kitchen/config.rb:114:in `instances'
E, [2016-06-08T15:45:06.988881 #30103] ERROR -- Kitchen: /var/lib/gems/2.2.0/gems/test-kitchen-1.7.3/lib/kitchen/command.rb:115:in `filtered_instances'
E, [2016-06-08T15:45:06.988891 #30103] ERROR -- Kitchen: /var/lib/gems/2.2.0/gems/test-kitchen-1.7.3/lib/kitchen/command.rb:145:in `parse_subcommand'
E, [2016-06-08T15:45:06.988900 #30103] ERROR -- Kitchen: /var/lib/gems/2.2.0/gems/test-kitchen-1.7.3/lib/kitchen/command/login.rb:32:in `call'
E, [2016-06-08T15:45:06.988909 #30103] ERROR -- Kitchen: /var/lib/gems/2.2.0/gems/test-kitchen-1.7.3/lib/kitchen/cli.rb:56:in `perform'
E, [2016-06-08T15:45:06.988918 #30103] ERROR -- Kitchen: /var/lib/gems/2.2.0/gems/test-kitchen-1.7.3/lib/kitchen/cli.rb:234:in `login'
E, [2016-06-08T15:45:06.988928 #30103] ERROR -- Kitchen: /var/lib/gems/2.2.0/gems/thor-0.19.1/lib/thor/command.rb:27:in `run'
E, [2016-06-08T15:45:06.988938 #30103] ERROR -- Kitchen: /var/lib/gems/2.2.0/gems/thor-0.19.1/lib/thor/invocation.rb:126:in `invoke_command'
E, [2016-06-08T15:45:06.988947 #30103] ERROR -- Kitchen: /var/lib/gems/2.2.0/gems/test-kitchen-1.7.3/lib/kitchen/cli.rb:321:in `invoke_task'
E, [2016-06-08T15:45:06.988957 #30103] ERROR -- Kitchen: /var/lib/gems/2.2.0/gems/thor-0.19.1/lib/thor.rb:359:in `dispatch'
E, [2016-06-08T15:45:06.988966 #30103] ERROR -- Kitchen: /var/lib/gems/2.2.0/gems/thor-0.19.1/lib/thor/base.rb:440:in `start'
E, [2016-06-08T15:45:06.988975 #30103] ERROR -- Kitchen: /var/lib/gems/2.2.0/gems/test-kitchen-1.7.3/bin/kitchen:13:in `block in <top (required)>'
E, [2016-06-08T15:45:06.988988 #30103] ERROR -- Kitchen: /var/lib/gems/2.2.0/gems/test-kitchen-1.7.3/lib/kitchen/errors.rb:154:in `with_friendly_errors'
E, [2016-06-08T15:45:06.988998 #30103] ERROR -- Kitchen: /var/lib/gems/2.2.0/gems/test-kitchen-1.7.3/bin/kitchen:13:in `<top (required)>'
E, [2016-06-08T15:45:06.989007 #30103] ERROR -- Kitchen: /usr/local/bin/kitchen:23:in `load'
E, [2016-06-08T15:45:06.989016 #30103] ERROR -- Kitchen: /usr/local/bin/kitchen:23:in `<main>'
E, [2016-06-08T15:45:06.989025 #30103] ERROR -- Kitchen: ----------------------
